<?xml version="1.0" encoding="UTF-8"?>
<!-- Generated by org.testng.reporters.JUnitXMLReporter -->
<testsuite hostname="DESKTOP-6MMSN4K" ignored="0" name="Test" tests="1" failures="0" timestamp="06 Nov 2021 16:15:25 GMT" time="603.381" errors="0">
  <testcase name="@BeforeMethod beforeMethod" time="603.307" classname="regression.TestCase01">
    <failure type="org.openqa.selenium.SessionNotCreatedException" message="session not created
from timeout: Timed out receiving message from renderer: 600.000
  (Session info: chrome=94.0.4606.81)
Build info: version: &amp;apos;3.141.59&amp;apos;, revision: &amp;apos;e82be7d358&amp;apos;, time: &amp;apos;2018-11-14T08:17:03&amp;apos;
System info: host: &amp;apos;DESKTOP-6MMSN4K&amp;apos;, ip: &amp;apos;192.168.0.134&amp;apos;, os.name: &amp;apos;Windows 10&amp;apos;, os.arch: &amp;apos;amd64&amp;apos;, os.version: &amp;apos;10.0&amp;apos;, java.version: &amp;apos;1.8.0_301&amp;apos;
Driver info: driver.version: ChromeDriver
remote stacktrace: Backtrace:
	Ordinal0 [0x009ABDE3+2473443]
	Ordinal0 [0x00946661+2057825]
	Ordinal0 [0x00852438+1057848]
	Ordinal0 [0x00844C3D+1002557]
	Ordinal0 [0x00843C8D+998541]
	Ordinal0 [0x00843F46+999238]
	Ordinal0 [0x00843835+997429]
	Ordinal0 [0x0084E524+1041700]
	Ordinal0 [0x008437F1+997361]
	Ordinal0 [0x00844716+1001238]
	Ordinal0 [0x00843C8D+998541]
	Ordinal0 [0x00843F46+999238]
	Ordinal0 [0x00843835+997429]
	Ordinal0 [0x0084C4FA+1033466]
	Ordinal0 [0x008437F1+997361]
	Ordinal0 [0x00844716+1001238]
	Ordinal0 [0x00843C8D+998541]
	Ordinal0 [0x00843F46+999238]
	Ordinal0 [0x00843835+997429]
	Ordinal0 [0x0084A319+1024793]
	Ordinal0 [0x008437F1+997361]
	Ordinal0 [0x00844716+1001238]
	Ordinal0 [0x00843C8D+998541]
	Ordinal0 [0x00843F46+999238]
	Ordinal0 [0x00843835+997429]
	Ordinal0 [0x0084963C+1021500]
	Ordinal0 [0x008437F1+997361]
	Ordinal0 [0x00844716+1001238]
	Ordinal0 [0x00843C8D+998541]
	Ordinal0 [0x00843F46+999238]
	Ordinal0 [0x00843835+997429]
	Ordinal0 [0x0083F41D+979997]
	Ordinal0 [0x008437F1+997361]
	Ordinal0 [0x00843590+996752]
	Ordinal0 [0x00843329+996137]
	Ordinal0 [0x00853650+1062480]
	Ordinal0 [0x0089AAAA+1354410]
	Ordinal0 [0x0089974A+1349450]
	Ordinal0 [0x008955AB+1332651]
	Ordinal0 [0x00872104+1188100]
	Ordinal0 [0x00872F59+1191769]
	GetHandleVerifier [0x00B32266+1549718]
	GetHandleVerifier [0x00BDD4A7+2250711]
	GetHandleVerifier [0x00A3718B+521403]
	GetHandleVerifier [0x00A36229+517465]
	Ordinal0 [0x0094B79D+2078621]
	Ordinal0 [0x0094FB58+2095960]
	Ordinal0 [0x0094FC92+2096274]
	Ordinal0 [0x00959541+2135361]
	BaseThreadInitThunk [0x7630FA29+25]
	RtlGetAppContainerNamedObjectPath [0x77DC7A9E+286]
	RtlGetAppContainerNamedObjectPath [0x77DC7A6E+238]
">
      <![CDATA[org.openqa.selenium.SessionNotCreatedException: session not created
from timeout: Timed out receiving message from renderer: 600.000
  (Session info: chrome=94.0.4606.81)
Build info: version: '3.141.59', revision: 'e82be7d358', time: '2018-11-14T08:17:03'
System info: host: 'DESKTOP-6MMSN4K', ip: '192.168.0.134', os.name: 'Windows 10', os.arch: 'amd64', os.version: '10.0', java.version: '1.8.0_301'
Driver info: driver.version: ChromeDriver
remote stacktrace: Backtrace:
Ordinal0 [0x009ABDE3+2473443]
Ordinal0 [0x00946661+2057825]
Ordinal0 [0x00852438+1057848]
Ordinal0 [0x00844C3D+1002557]
Ordinal0 [0x00843C8D+998541]
Ordinal0 [0x00843F46+999238]
Ordinal0 [0x00843835+997429]
Ordinal0 [0x0084E524+1041700]
Ordinal0 [0x008437F1+997361]
Ordinal0 [0x00844716+1001238]
Ordinal0 [0x00843C8D+998541]
Ordinal0 [0x00843F46+999238]
Ordinal0 [0x00843835+997429]
Ordinal0 [0x0084C4FA+1033466]
Ordinal0 [0x008437F1+997361]
Ordinal0 [0x00844716+1001238]
Ordinal0 [0x00843C8D+998541]
Ordinal0 [0x00843F46+999238]
Ordinal0 [0x00843835+997429]
Ordinal0 [0x0084A319+1024793]
Ordinal0 [0x008437F1+997361]
Ordinal0 [0x00844716+1001238]
Ordinal0 [0x00843C8D+998541]
Ordinal0 [0x00843F46+999238]
Ordinal0 [0x00843835+997429]
Ordinal0 [0x0084963C+1021500]
Ordinal0 [0x008437F1+997361]
Ordinal0 [0x00844716+1001238]
Ordinal0 [0x00843C8D+998541]
Ordinal0 [0x00843F46+999238]
Ordinal0 [0x00843835+997429]
Ordinal0 [0x0083F41D+979997]
Ordinal0 [0x008437F1+997361]
Ordinal0 [0x00843590+996752]
Ordinal0 [0x00843329+996137]
Ordinal0 [0x00853650+1062480]
Ordinal0 [0x0089AAAA+1354410]
Ordinal0 [0x0089974A+1349450]
Ordinal0 [0x008955AB+1332651]
Ordinal0 [0x00872104+1188100]
Ordinal0 [0x00872F59+1191769]
GetHandleVerifier [0x00B32266+1549718]
GetHandleVerifier [0x00BDD4A7+2250711]
GetHandleVerifier [0x00A3718B+521403]
GetHandleVerifier [0x00A36229+517465]
Ordinal0 [0x0094B79D+2078621]
Ordinal0 [0x0094FB58+2095960]
Ordinal0 [0x0094FC92+2096274]
Ordinal0 [0x00959541+2135361]
BaseThreadInitThunk [0x7630FA29+25]
RtlGetAppContainerNamedObjectPath [0x77DC7A9E+286]
RtlGetAppContainerNamedObjectPath [0x77DC7A6E+238]

at org.openqa.selenium.remote.W3CHandshakeResponse.lambda$errorHandler$0(W3CHandshakeResponse.java:62)
at org.openqa.selenium.remote.HandshakeResponse.lambda$getResponseFunction$0(HandshakeResponse.java:30)
at org.openqa.selenium.remote.ProtocolHandshake.lambda$createSession$0(ProtocolHandshake.java:126)
at java.util.stream.ReferencePipeline$3$1.accept(ReferencePipeline.java:193)
at java.util.Spliterators$ArraySpliterator.tryAdvance(Spliterators.java:958)
at java.util.stream.ReferencePipeline.forEachWithCancel(ReferencePipeline.java:126)
at java.util.stream.AbstractPipeline.copyIntoWithCancel(AbstractPipeline.java:499)
at java.util.stream.AbstractPipeline.copyInto(AbstractPipeline.java:486)
at java.util.stream.AbstractPipeline.wrapAndCopyInto(AbstractPipeline.java:472)
at java.util.stream.FindOps$FindOp.evaluateSequential(FindOps.java:152)
at java.util.stream.AbstractPipeline.evaluate(AbstractPipeline.java:234)
at java.util.stream.ReferencePipeline.findFirst(ReferencePipeline.java:464)
at org.openqa.selenium.remote.ProtocolHandshake.createSession(ProtocolHandshake.java:128)
at org.openqa.selenium.remote.ProtocolHandshake.createSession(ProtocolHandshake.java:74)
at org.openqa.selenium.remote.HttpCommandExecutor.execute(HttpCommandExecutor.java:136)
at org.openqa.selenium.remote.service.DriverCommandExecutor.execute(DriverCommandExecutor.java:83)
at org.openqa.selenium.remote.RemoteWebDriver.execute(RemoteWebDriver.java:552)
at org.openqa.selenium.remote.RemoteWebDriver.startSession(RemoteWebDriver.java:213)
at org.openqa.selenium.remote.RemoteWebDriver.<init>(RemoteWebDriver.java:131)
at org.openqa.selenium.chrome.ChromeDriver.<init>(ChromeDriver.java:181)
at org.openqa.selenium.chrome.ChromeDriver.<init>(ChromeDriver.java:168)
at org.openqa.selenium.chrome.ChromeDriver.<init>(ChromeDriver.java:123)
at regression.TestCase01.beforeMethod(TestCase01.java:51)
... Removed 36 stack frames]]>
    </failure>
  </testcase> <!-- @BeforeMethod beforeMethod -->
  <testcase name="@AfterMethod afterMethod" time="0.0" classname="regression.TestCase01">
    <skipped/>
  </testcase> <!-- @AfterMethod afterMethod -->
  <testcase name="verifyLogin" time="0.0" classname="regression.TestCase01">
    <skipped/>
  </testcase> <!-- verifyLogin -->
</testsuite> <!-- Test -->
