<html>
<head>
<title>TestNG:  Test</title>
<link href="../testng.css" rel="stylesheet" type="text/css" />
<link href="../my-testng.css" rel="stylesheet" type="text/css" />

<style type="text/css">
.log { display: none;} 
.stack-trace { display: none;} 
</style>
<script type="text/javascript">
<!--
function flip(e) {
  current = e.style.display;
  if (current == 'block') {
    e.style.display = 'none';
    return 0;
  }
  else {
    e.style.display = 'block';
    return 1;
  }
}

function toggleBox(szDivId, elem, msg1, msg2)
{
  var res = -1;  if (document.getElementById) {
    res = flip(document.getElementById(szDivId));
  }
  else if (document.all) {
    // this is the way old msie versions work
    res = flip(document.all[szDivId]);
  }
  if(elem) {
    if(res == 0) elem.innerHTML = msg1; else elem.innerHTML = msg2;
  }

}

function toggleAllBoxes() {
  if (document.getElementsByTagName) {
    d = document.getElementsByTagName('div');
    for (i = 0; i < d.length; i++) {
      if (d[i].className == 'log') {
        flip(d[i]);
      }
    }
  }
}

// -->
</script>

</head>
<body>
<h2 align='center'>Test</h2><table border='1' align="center">
<tr>
<td>Tests passed/Failed/Skipped:</td><td>0/0/1</td>
</tr><tr>
<td>Started on:</td><td>Sat Nov 06 12:05:21 EDT 2021</td>
</tr>
<tr><td>Total time:</td><td>603 seconds (603381 ms)</td>
</tr><tr>
<td>Included groups:</td><td></td>
</tr><tr>
<td>Excluded groups:</td><td></td>
</tr>
</table><p/>
<small><i>(Hover the method name to see the test class name)</i></small><p/>
<table width='100%' border='1' class='invocation-failed'>
<tr><td colspan='4' align='center'><b>FAILED CONFIGURATIONS</b></td></tr>
<tr><td><b>Test method</b></td>
<td width="30%"><b>Exception</b></td>
<td width="10%"><b>Time (seconds)</b></td>
<td><b>Instance</b></td>
</tr>
<tr>
<td title='regression.TestCase01.beforeMethod()'><b>beforeMethod</b><br>Test class: regression.TestCase01</td>
<td><div><pre>org.openqa.selenium.SessionNotCreatedException: session not created
from timeout: Timed out receiving message from renderer: 600.000
  (Session info: chrome=94.0.4606.81)
Build info: version: &apos;3.141.59&apos;, revision: &apos;e82be7d358&apos;, time: &apos;2018-11-14T08:17:03&apos;
System info: host: &apos;DESKTOP-6MMSN4K&apos;, ip: &apos;192.168.0.134&apos;, os.name: &apos;Windows 10&apos;, os.arch: &apos;amd64&apos;, os.version: &apos;10.0&apos;, java.version: &apos;1.8.0_301&apos;
Driver info: driver.version: ChromeDriver
remote stacktrace: Backtrace:
	Ordinal0 [0x009ABDE3+2473443]
	Ordinal0 [0x00946661+2057825]
	Ordinal0 [0x00852438+1057848]
	Ordinal0 [0x00844C3D+1002557]
	Ordinal0 [0x00843C8D+998541]
	Ordinal0 [0x00843F46+999238]
	Ordinal0 [0x00843835+997429]
	Ordinal0 [0x0084E524+1041700]
	Ordinal0 [0x008437F1+997361]
	Ordinal0 [0x00844716+1001238]
	Ordinal0 [0x00843C8D+998541]
	Ordinal0 [0x00843F46+999238]
	Ordinal0 [0x00843835+997429]
	Ordinal0 [0x0084C4FA+1033466]
	Ordinal0 [0x008437F1+997361]
	Ordinal0 [0x00844716+1001238]
	Ordinal0 [0x00843C8D+998541]
	Ordinal0 [0x00843F46+999238]
	Ordinal0 [0x00843835+997429]
	Ordinal0 [0x0084A319+1024793]
	Ordinal0 [0x008437F1+997361]
	Ordinal0 [0x00844716+1001238]
	Ordinal0 [0x00843C8D+998541]
	Ordinal0 [0x00843F46+999238]
	Ordinal0 [0x00843835+997429]
	Ordinal0 [0x0084963C+1021500]
	Ordinal0 [0x008437F1+997361]
	Ordinal0 [0x00844716+1001238]
	Ordinal0 [0x00843C8D+998541]
	Ordinal0 [0x00843F46+999238]
	Ordinal0 [0x00843835+997429]
	Ordinal0 [0x0083F41D+979997]
	Ordinal0 [0x008437F1+997361]
	Ordinal0 [0x00843590+996752]
	Ordinal0 [0x00843329+996137]
	Ordinal0 [0x00853650+1062480]
	Ordinal0 [0x0089AAAA+1354410]
	Ordinal0 [0x0089974A+1349450]
	Ordinal0 [0x008955AB+1332651]
	Ordinal0 [0x00872104+1188100]
	Ordinal0 [0x00872F59+1191769]
	GetHandleVerifier [0x00B32266+1549718]
	GetHandleVerifier [0x00BDD4A7+2250711]
	GetHandleVerifier [0x00A3718B+521403]
	GetHandleVerifier [0x00A36229+517465]
	Ordinal0 [0x0094B79D+2078621]
	Ordinal0 [0x0094FB58+2095960]
	Ordinal0 [0x0094FC92+2096274]
	Ordinal0 [0x00959541+2135361]
	BaseThreadInitThunk [0x7630FA29+25]
	RtlGetAppContainerNamedObjectPath [0x77DC7A9E+286]
	RtlGetAppContainerNamedObjectPath [0x77DC7A6E+238]

	at org.openqa.selenium.remote.W3CHandshakeResponse.lambda$errorHandler$0(W3CHandshakeResponse.java:62)
	at org.openqa.selenium.remote.HandshakeResponse.lambda$getResponseFunction$0(HandshakeResponse.java:30)
	at org.openqa.selenium.remote.ProtocolHandshake.lambda$createSession$0(ProtocolHandshake.java:126)
	at java.util.stream.ReferencePipeline$3$1.accept(ReferencePipeline.java:193)
	at java.util.Spliterators$ArraySpliterator.tryAdvance(Spliterators.java:958)
	at java.util.stream.ReferencePipeline.forEachWithCancel(ReferencePipeline.java:126)
	at java.util.stream.AbstractPipeline.copyIntoWithCancel(AbstractPipeline.java:499)
	at java.util.stream.AbstractPipeline.copyInto(AbstractPipeline.java:486)
	at java.util.stream.AbstractPipeline.wrapAndCopyInto(AbstractPipeline.java:472)
	at java.util.stream.FindOps$FindOp.evaluateSequential(FindOps.java:152)
	at java.util.stream.AbstractPipeline.evaluate(AbstractPipeline.java:234)
	at java.util.stream.ReferencePipeline.findFirst(ReferencePipeline.java:464)
	at org.openqa.selenium.remote.ProtocolHandshake.createSession(ProtocolHandshake.java:128)
	at org.openqa.selenium.remote.ProtocolHandshake.createSession(ProtocolHandshake.java:74)
	at org.openqa.selenium.remote.HttpCommandExecutor.execute(HttpCommandExecutor.java:136)
	at org.openqa.selenium.remote.service.DriverCommandExecutor.execute(DriverCommandExecutor.java:83)
	at org.openqa.selenium.remote.RemoteWebDriver.execute(RemoteWebDriver.java:552)
	at org.openqa.selenium.remote.RemoteWebDriver.startSession(RemoteWebDriver.java:213)
	at org.openqa.selenium.remote.RemoteWebDriver.&lt;init&gt;(RemoteWebDriver.java:131)
	at org.openqa.selenium.chrome.ChromeDriver.&lt;init&gt;(ChromeDriver.java:181)
	at org.openqa.selenium.chrome.ChromeDriver.&lt;init&gt;(ChromeDriver.java:168)
	at org.openqa.selenium.chrome.ChromeDriver.&lt;init&gt;(ChromeDriver.java:123)
	at regression.TestCase01.beforeMethod(TestCase01.java:51)
... Removed 36 stack frames</pre></div><a href='#' onClick='toggleBox("stack-trace126189538", this, "Click to show all stack frames", "Click to hide stack frames")'>Click to show all stack frames</a>
<div class='stack-trace' id='stack-trace126189538'><pre>org.openqa.selenium.SessionNotCreatedException: session not created
from timeout: Timed out receiving message from renderer: 600.000
  (Session info: chrome=94.0.4606.81)
Build info: version: &apos;3.141.59&apos;, revision: &apos;e82be7d358&apos;, time: &apos;2018-11-14T08:17:03&apos;
System info: host: &apos;DESKTOP-6MMSN4K&apos;, ip: &apos;192.168.0.134&apos;, os.name: &apos;Windows 10&apos;, os.arch: &apos;amd64&apos;, os.version: &apos;10.0&apos;, java.version: &apos;1.8.0_301&apos;
Driver info: driver.version: ChromeDriver
remote stacktrace: Backtrace:
	Ordinal0 [0x009ABDE3+2473443]
	Ordinal0 [0x00946661+2057825]
	Ordinal0 [0x00852438+1057848]
	Ordinal0 [0x00844C3D+1002557]
	Ordinal0 [0x00843C8D+998541]
	Ordinal0 [0x00843F46+999238]
	Ordinal0 [0x00843835+997429]
	Ordinal0 [0x0084E524+1041700]
	Ordinal0 [0x008437F1+997361]
	Ordinal0 [0x00844716+1001238]
	Ordinal0 [0x00843C8D+998541]
	Ordinal0 [0x00843F46+999238]
	Ordinal0 [0x00843835+997429]
	Ordinal0 [0x0084C4FA+1033466]
	Ordinal0 [0x008437F1+997361]
	Ordinal0 [0x00844716+1001238]
	Ordinal0 [0x00843C8D+998541]
	Ordinal0 [0x00843F46+999238]
	Ordinal0 [0x00843835+997429]
	Ordinal0 [0x0084A319+1024793]
	Ordinal0 [0x008437F1+997361]
	Ordinal0 [0x00844716+1001238]
	Ordinal0 [0x00843C8D+998541]
	Ordinal0 [0x00843F46+999238]
	Ordinal0 [0x00843835+997429]
	Ordinal0 [0x0084963C+1021500]
	Ordinal0 [0x008437F1+997361]
	Ordinal0 [0x00844716+1001238]
	Ordinal0 [0x00843C8D+998541]
	Ordinal0 [0x00843F46+999238]
	Ordinal0 [0x00843835+997429]
	Ordinal0 [0x0083F41D+979997]
	Ordinal0 [0x008437F1+997361]
	Ordinal0 [0x00843590+996752]
	Ordinal0 [0x00843329+996137]
	Ordinal0 [0x00853650+1062480]
	Ordinal0 [0x0089AAAA+1354410]
	Ordinal0 [0x0089974A+1349450]
	Ordinal0 [0x008955AB+1332651]
	Ordinal0 [0x00872104+1188100]
	Ordinal0 [0x00872F59+1191769]
	GetHandleVerifier [0x00B32266+1549718]
	GetHandleVerifier [0x00BDD4A7+2250711]
	GetHandleVerifier [0x00A3718B+521403]
	GetHandleVerifier [0x00A36229+517465]
	Ordinal0 [0x0094B79D+2078621]
	Ordinal0 [0x0094FB58+2095960]
	Ordinal0 [0x0094FC92+2096274]
	Ordinal0 [0x00959541+2135361]
	BaseThreadInitThunk [0x7630FA29+25]
	RtlGetAppContainerNamedObjectPath [0x77DC7A9E+286]
	RtlGetAppContainerNamedObjectPath [0x77DC7A6E+238]

	at sun.reflect.NativeConstructorAccessorImpl.newInstance0(Native Method)
	at sun.reflect.NativeConstructorAccessorImpl.newInstance(NativeConstructorAccessorImpl.java:62)
	at sun.reflect.DelegatingConstructorAccessorImpl.newInstance(DelegatingConstructorAccessorImpl.java:45)
	at java.lang.reflect.Constructor.newInstance(Constructor.java:423)
	at org.openqa.selenium.remote.W3CHandshakeResponse.lambda$errorHandler$0(W3CHandshakeResponse.java:62)
	at org.openqa.selenium.remote.HandshakeResponse.lambda$getResponseFunction$0(HandshakeResponse.java:30)
	at org.openqa.selenium.remote.ProtocolHandshake.lambda$createSession$0(ProtocolHandshake.java:126)
	at java.util.stream.ReferencePipeline$3$1.accept(ReferencePipeline.java:193)
	at java.util.Spliterators$ArraySpliterator.tryAdvance(Spliterators.java:958)
	at java.util.stream.ReferencePipeline.forEachWithCancel(ReferencePipeline.java:126)
	at java.util.stream.AbstractPipeline.copyIntoWithCancel(AbstractPipeline.java:499)
	at java.util.stream.AbstractPipeline.copyInto(AbstractPipeline.java:486)
	at java.util.stream.AbstractPipeline.wrapAndCopyInto(AbstractPipeline.java:472)
	at java.util.stream.FindOps$FindOp.evaluateSequential(FindOps.java:152)
	at java.util.stream.AbstractPipeline.evaluate(AbstractPipeline.java:234)
	at java.util.stream.ReferencePipeline.findFirst(ReferencePipeline.java:464)
	at org.openqa.selenium.remote.ProtocolHandshake.createSession(ProtocolHandshake.java:128)
	at org.openqa.selenium.remote.ProtocolHandshake.createSession(ProtocolHandshake.java:74)
	at org.openqa.selenium.remote.HttpCommandExecutor.execute(HttpCommandExecutor.java:136)
	at org.openqa.selenium.remote.service.DriverCommandExecutor.execute(DriverCommandExecutor.java:83)
	at org.openqa.selenium.remote.RemoteWebDriver.execute(RemoteWebDriver.java:552)
	at org.openqa.selenium.remote.RemoteWebDriver.startSession(RemoteWebDriver.java:213)
	at org.openqa.selenium.remote.RemoteWebDriver.&lt;init&gt;(RemoteWebDriver.java:131)
	at org.openqa.selenium.chrome.ChromeDriver.&lt;init&gt;(ChromeDriver.java:181)
	at org.openqa.selenium.chrome.ChromeDriver.&lt;init&gt;(ChromeDriver.java:168)
	at org.openqa.selenium.chrome.ChromeDriver.&lt;init&gt;(ChromeDriver.java:123)
	at regression.TestCase01.beforeMethod(TestCase01.java:51)
	at sun.reflect.NativeMethodAccessorImpl.invoke0(Native Method)
	at sun.reflect.NativeMethodAccessorImpl.invoke(NativeMethodAccessorImpl.java:62)
	at sun.reflect.DelegatingMethodAccessorImpl.invoke(DelegatingMethodAccessorImpl.java:43)
	at java.lang.reflect.Method.invoke(Method.java:498)
	at org.testng.internal.MethodInvocationHelper.invokeMethod(MethodInvocationHelper.java:124)
	at org.testng.internal.MethodInvocationHelper.invokeMethodConsideringTimeout(MethodInvocationHelper.java:59)
	at org.testng.internal.Invoker.invokeConfigurationMethod(Invoker.java:458)
	at org.testng.internal.Invoker.invokeConfigurations(Invoker.java:222)
	at org.testng.internal.Invoker.invokeMethod(Invoker.java:523)
	at org.testng.internal.Invoker.invokeTestMethod(Invoker.java:719)
	at org.testng.internal.Invoker.invokeTestMethods(Invoker.java:989)
	at org.testng.internal.TestMethodWorker.invokeTestMethods(TestMethodWorker.java:125)
	at org.testng.internal.TestMethodWorker.run(TestMethodWorker.java:109)
	at org.testng.TestRunner.privateRun(TestRunner.java:648)
	at org.testng.TestRunner.run(TestRunner.java:505)
	at org.testng.SuiteRunner.runTest(SuiteRunner.java:455)
	at org.testng.SuiteRunner.runSequentially(SuiteRunner.java:450)
	at org.testng.SuiteRunner.privateRun(SuiteRunner.java:415)
	at org.testng.SuiteRunner.run(SuiteRunner.java:364)
	at org.testng.SuiteRunnerWorker.runSuite(SuiteRunnerWorker.java:52)
	at org.testng.SuiteRunnerWorker.run(SuiteRunnerWorker.java:84)
	at org.testng.TestNG.runSuitesSequentially(TestNG.java:1208)
	at org.testng.TestNG.runSuitesLocally(TestNG.java:1137)
	at org.testng.TestNG.runSuites(TestNG.java:1049)
	at org.testng.TestNG.run(TestNG.java:1017)
	at org.apache.maven.surefire.testng.TestNGExecutor.run(TestNGExecutor.java:283)
	at org.apache.maven.surefire.testng.TestNGXmlTestSuite.execute(TestNGXmlTestSuite.java:75)
	at org.apache.maven.surefire.testng.TestNGProvider.invoke(TestNGProvider.java:120)
	at org.apache.maven.surefire.booter.ForkedBooter.runSuitesInProcess(ForkedBooter.java:377)
	at org.apache.maven.surefire.booter.ForkedBooter.execute(ForkedBooter.java:138)
	at org.apache.maven.surefire.booter.ForkedBooter.run(ForkedBooter.java:465)
	at org.apache.maven.surefire.booter.ForkedBooter.main(ForkedBooter.java:451)
</pre></div></td>
<td>603</td>
<td>regression.TestCase01@4cb2c100</td></tr>
</table><p>
<table width='100%' border='1' class='invocation-skipped'>
<tr><td colspan='4' align='center'><b>SKIPPED CONFIGURATIONS</b></td></tr>
<tr><td><b>Test method</b></td>
<td width="30%"><b>Exception</b></td>
<td width="10%"><b>Time (seconds)</b></td>
<td><b>Instance</b></td>
</tr>
<tr>
<td title='regression.TestCase01.afterMethod()'><b>afterMethod</b><br>Test class: regression.TestCase01</td>
<td></td>
<td>0</td>
<td>regression.TestCase01@4cb2c100</td></tr>
</table><p>
<table width='100%' border='1' class='invocation-skipped'>
<tr><td colspan='4' align='center'><b>SKIPPED TESTS</b></td></tr>
<tr><td><b>Test method</b></td>
<td width="30%"><b>Exception</b></td>
<td width="10%"><b>Time (seconds)</b></td>
<td><b>Instance</b></td>
</tr>
<tr>
<td title='regression.TestCase01.verifyLogin()'><b>verifyLogin</b><br>Test class: regression.TestCase01</td>
<td><div><pre>org.openqa.selenium.SessionNotCreatedException: session not created
from timeout: Timed out receiving message from renderer: 600.000
  (Session info: chrome=94.0.4606.81)
Build info: version: &apos;3.141.59&apos;, revision: &apos;e82be7d358&apos;, time: &apos;2018-11-14T08:17:03&apos;
System info: host: &apos;DESKTOP-6MMSN4K&apos;, ip: &apos;192.168.0.134&apos;, os.name: &apos;Windows 10&apos;, os.arch: &apos;amd64&apos;, os.version: &apos;10.0&apos;, java.version: &apos;1.8.0_301&apos;
Driver info: driver.version: ChromeDriver
remote stacktrace: Backtrace:
	Ordinal0 [0x009ABDE3+2473443]
	Ordinal0 [0x00946661+2057825]
	Ordinal0 [0x00852438+1057848]
	Ordinal0 [0x00844C3D+1002557]
	Ordinal0 [0x00843C8D+998541]
	Ordinal0 [0x00843F46+999238]
	Ordinal0 [0x00843835+997429]
	Ordinal0 [0x0084E524+1041700]
	Ordinal0 [0x008437F1+997361]
	Ordinal0 [0x00844716+1001238]
	Ordinal0 [0x00843C8D+998541]
	Ordinal0 [0x00843F46+999238]
	Ordinal0 [0x00843835+997429]
	Ordinal0 [0x0084C4FA+1033466]
	Ordinal0 [0x008437F1+997361]
	Ordinal0 [0x00844716+1001238]
	Ordinal0 [0x00843C8D+998541]
	Ordinal0 [0x00843F46+999238]
	Ordinal0 [0x00843835+997429]
	Ordinal0 [0x0084A319+1024793]
	Ordinal0 [0x008437F1+997361]
	Ordinal0 [0x00844716+1001238]
	Ordinal0 [0x00843C8D+998541]
	Ordinal0 [0x00843F46+999238]
	Ordinal0 [0x00843835+997429]
	Ordinal0 [0x0084963C+1021500]
	Ordinal0 [0x008437F1+997361]
	Ordinal0 [0x00844716+1001238]
	Ordinal0 [0x00843C8D+998541]
	Ordinal0 [0x00843F46+999238]
	Ordinal0 [0x00843835+997429]
	Ordinal0 [0x0083F41D+979997]
	Ordinal0 [0x008437F1+997361]
	Ordinal0 [0x00843590+996752]
	Ordinal0 [0x00843329+996137]
	Ordinal0 [0x00853650+1062480]
	Ordinal0 [0x0089AAAA+1354410]
	Ordinal0 [0x0089974A+1349450]
	Ordinal0 [0x008955AB+1332651]
	Ordinal0 [0x00872104+1188100]
	Ordinal0 [0x00872F59+1191769]
	GetHandleVerifier [0x00B32266+1549718]
	GetHandleVerifier [0x00BDD4A7+2250711]
	GetHandleVerifier [0x00A3718B+521403]
	GetHandleVerifier [0x00A36229+517465]
	Ordinal0 [0x0094B79D+2078621]
	Ordinal0 [0x0094FB58+2095960]
	Ordinal0 [0x0094FC92+2096274]
	Ordinal0 [0x00959541+2135361]
	BaseThreadInitThunk [0x7630FA29+25]
	RtlGetAppContainerNamedObjectPath [0x77DC7A9E+286]
	RtlGetAppContainerNamedObjectPath [0x77DC7A6E+238]

	at org.openqa.selenium.remote.W3CHandshakeResponse.lambda$errorHandler$0(W3CHandshakeResponse.java:62)
	at org.openqa.selenium.remote.HandshakeResponse.lambda$getResponseFunction$0(HandshakeResponse.java:30)
	at org.openqa.selenium.remote.ProtocolHandshake.lambda$createSession$0(ProtocolHandshake.java:126)
	at java.util.stream.ReferencePipeline$3$1.accept(ReferencePipeline.java:193)
	at java.util.Spliterators$ArraySpliterator.tryAdvance(Spliterators.java:958)
	at java.util.stream.ReferencePipeline.forEachWithCancel(ReferencePipeline.java:126)
	at java.util.stream.AbstractPipeline.copyIntoWithCancel(AbstractPipeline.java:499)
	at java.util.stream.AbstractPipeline.copyInto(AbstractPipeline.java:486)
	at java.util.stream.AbstractPipeline.wrapAndCopyInto(AbstractPipeline.java:472)
	at java.util.stream.FindOps$FindOp.evaluateSequential(FindOps.java:152)
	at java.util.stream.AbstractPipeline.evaluate(AbstractPipeline.java:234)
	at java.util.stream.ReferencePipeline.findFirst(ReferencePipeline.java:464)
	at org.openqa.selenium.remote.ProtocolHandshake.createSession(ProtocolHandshake.java:128)
	at org.openqa.selenium.remote.ProtocolHandshake.createSession(ProtocolHandshake.java:74)
	at org.openqa.selenium.remote.HttpCommandExecutor.execute(HttpCommandExecutor.java:136)
	at org.openqa.selenium.remote.service.DriverCommandExecutor.execute(DriverCommandExecutor.java:83)
	at org.openqa.selenium.remote.RemoteWebDriver.execute(RemoteWebDriver.java:552)
	at org.openqa.selenium.remote.RemoteWebDriver.startSession(RemoteWebDriver.java:213)
	at org.openqa.selenium.remote.RemoteWebDriver.&lt;init&gt;(RemoteWebDriver.java:131)
	at org.openqa.selenium.chrome.ChromeDriver.&lt;init&gt;(ChromeDriver.java:181)
	at org.openqa.selenium.chrome.ChromeDriver.&lt;init&gt;(ChromeDriver.java:168)
	at org.openqa.selenium.chrome.ChromeDriver.&lt;init&gt;(ChromeDriver.java:123)
	at regression.TestCase01.beforeMethod(TestCase01.java:51)
... Removed 36 stack frames</pre></div><a href='#' onClick='toggleBox("stack-trace1197251633", this, "Click to show all stack frames", "Click to hide stack frames")'>Click to show all stack frames</a>
<div class='stack-trace' id='stack-trace1197251633'><pre>org.openqa.selenium.SessionNotCreatedException: session not created
from timeout: Timed out receiving message from renderer: 600.000
  (Session info: chrome=94.0.4606.81)
Build info: version: &apos;3.141.59&apos;, revision: &apos;e82be7d358&apos;, time: &apos;2018-11-14T08:17:03&apos;
System info: host: &apos;DESKTOP-6MMSN4K&apos;, ip: &apos;192.168.0.134&apos;, os.name: &apos;Windows 10&apos;, os.arch: &apos;amd64&apos;, os.version: &apos;10.0&apos;, java.version: &apos;1.8.0_301&apos;
Driver info: driver.version: ChromeDriver
remote stacktrace: Backtrace:
	Ordinal0 [0x009ABDE3+2473443]
	Ordinal0 [0x00946661+2057825]
	Ordinal0 [0x00852438+1057848]
	Ordinal0 [0x00844C3D+1002557]
	Ordinal0 [0x00843C8D+998541]
	Ordinal0 [0x00843F46+999238]
	Ordinal0 [0x00843835+997429]
	Ordinal0 [0x0084E524+1041700]
	Ordinal0 [0x008437F1+997361]
	Ordinal0 [0x00844716+1001238]
	Ordinal0 [0x00843C8D+998541]
	Ordinal0 [0x00843F46+999238]
	Ordinal0 [0x00843835+997429]
	Ordinal0 [0x0084C4FA+1033466]
	Ordinal0 [0x008437F1+997361]
	Ordinal0 [0x00844716+1001238]
	Ordinal0 [0x00843C8D+998541]
	Ordinal0 [0x00843F46+999238]
	Ordinal0 [0x00843835+997429]
	Ordinal0 [0x0084A319+1024793]
	Ordinal0 [0x008437F1+997361]
	Ordinal0 [0x00844716+1001238]
	Ordinal0 [0x00843C8D+998541]
	Ordinal0 [0x00843F46+999238]
	Ordinal0 [0x00843835+997429]
	Ordinal0 [0x0084963C+1021500]
	Ordinal0 [0x008437F1+997361]
	Ordinal0 [0x00844716+1001238]
	Ordinal0 [0x00843C8D+998541]
	Ordinal0 [0x00843F46+999238]
	Ordinal0 [0x00843835+997429]
	Ordinal0 [0x0083F41D+979997]
	Ordinal0 [0x008437F1+997361]
	Ordinal0 [0x00843590+996752]
	Ordinal0 [0x00843329+996137]
	Ordinal0 [0x00853650+1062480]
	Ordinal0 [0x0089AAAA+1354410]
	Ordinal0 [0x0089974A+1349450]
	Ordinal0 [0x008955AB+1332651]
	Ordinal0 [0x00872104+1188100]
	Ordinal0 [0x00872F59+1191769]
	GetHandleVerifier [0x00B32266+1549718]
	GetHandleVerifier [0x00BDD4A7+2250711]
	GetHandleVerifier [0x00A3718B+521403]
	GetHandleVerifier [0x00A36229+517465]
	Ordinal0 [0x0094B79D+2078621]
	Ordinal0 [0x0094FB58+2095960]
	Ordinal0 [0x0094FC92+2096274]
	Ordinal0 [0x00959541+2135361]
	BaseThreadInitThunk [0x7630FA29+25]
	RtlGetAppContainerNamedObjectPath [0x77DC7A9E+286]
	RtlGetAppContainerNamedObjectPath [0x77DC7A6E+238]

	at sun.reflect.NativeConstructorAccessorImpl.newInstance0(Native Method)
	at sun.reflect.NativeConstructorAccessorImpl.newInstance(NativeConstructorAccessorImpl.java:62)
	at sun.reflect.DelegatingConstructorAccessorImpl.newInstance(DelegatingConstructorAccessorImpl.java:45)
	at java.lang.reflect.Constructor.newInstance(Constructor.java:423)
	at org.openqa.selenium.remote.W3CHandshakeResponse.lambda$errorHandler$0(W3CHandshakeResponse.java:62)
	at org.openqa.selenium.remote.HandshakeResponse.lambda$getResponseFunction$0(HandshakeResponse.java:30)
	at org.openqa.selenium.remote.ProtocolHandshake.lambda$createSession$0(ProtocolHandshake.java:126)
	at java.util.stream.ReferencePipeline$3$1.accept(ReferencePipeline.java:193)
	at java.util.Spliterators$ArraySpliterator.tryAdvance(Spliterators.java:958)
	at java.util.stream.ReferencePipeline.forEachWithCancel(ReferencePipeline.java:126)
	at java.util.stream.AbstractPipeline.copyIntoWithCancel(AbstractPipeline.java:499)
	at java.util.stream.AbstractPipeline.copyInto(AbstractPipeline.java:486)
	at java.util.stream.AbstractPipeline.wrapAndCopyInto(AbstractPipeline.java:472)
	at java.util.stream.FindOps$FindOp.evaluateSequential(FindOps.java:152)
	at java.util.stream.AbstractPipeline.evaluate(AbstractPipeline.java:234)
	at java.util.stream.ReferencePipeline.findFirst(ReferencePipeline.java:464)
	at org.openqa.selenium.remote.ProtocolHandshake.createSession(ProtocolHandshake.java:128)
	at org.openqa.selenium.remote.ProtocolHandshake.createSession(ProtocolHandshake.java:74)
	at org.openqa.selenium.remote.HttpCommandExecutor.execute(HttpCommandExecutor.java:136)
	at org.openqa.selenium.remote.service.DriverCommandExecutor.execute(DriverCommandExecutor.java:83)
	at org.openqa.selenium.remote.RemoteWebDriver.execute(RemoteWebDriver.java:552)
	at org.openqa.selenium.remote.RemoteWebDriver.startSession(RemoteWebDriver.java:213)
	at org.openqa.selenium.remote.RemoteWebDriver.&lt;init&gt;(RemoteWebDriver.java:131)
	at org.openqa.selenium.chrome.ChromeDriver.&lt;init&gt;(ChromeDriver.java:181)
	at org.openqa.selenium.chrome.ChromeDriver.&lt;init&gt;(ChromeDriver.java:168)
	at org.openqa.selenium.chrome.ChromeDriver.&lt;init&gt;(ChromeDriver.java:123)
	at regression.TestCase01.beforeMethod(TestCase01.java:51)
	at sun.reflect.NativeMethodAccessorImpl.invoke0(Native Method)
	at sun.reflect.NativeMethodAccessorImpl.invoke(NativeMethodAccessorImpl.java:62)
	at sun.reflect.DelegatingMethodAccessorImpl.invoke(DelegatingMethodAccessorImpl.java:43)
	at java.lang.reflect.Method.invoke(Method.java:498)
	at org.testng.internal.MethodInvocationHelper.invokeMethod(MethodInvocationHelper.java:124)
	at org.testng.internal.MethodInvocationHelper.invokeMethodConsideringTimeout(MethodInvocationHelper.java:59)
	at org.testng.internal.Invoker.invokeConfigurationMethod(Invoker.java:458)
	at org.testng.internal.Invoker.invokeConfigurations(Invoker.java:222)
	at org.testng.internal.Invoker.invokeMethod(Invoker.java:523)
	at org.testng.internal.Invoker.invokeTestMethod(Invoker.java:719)
	at org.testng.internal.Invoker.invokeTestMethods(Invoker.java:989)
	at org.testng.internal.TestMethodWorker.invokeTestMethods(TestMethodWorker.java:125)
	at org.testng.internal.TestMethodWorker.run(TestMethodWorker.java:109)
	at org.testng.TestRunner.privateRun(TestRunner.java:648)
	at org.testng.TestRunner.run(TestRunner.java:505)
	at org.testng.SuiteRunner.runTest(SuiteRunner.java:455)
	at org.testng.SuiteRunner.runSequentially(SuiteRunner.java:450)
	at org.testng.SuiteRunner.privateRun(SuiteRunner.java:415)
	at org.testng.SuiteRunner.run(SuiteRunner.java:364)
	at org.testng.SuiteRunnerWorker.runSuite(SuiteRunnerWorker.java:52)
	at org.testng.SuiteRunnerWorker.run(SuiteRunnerWorker.java:84)
	at org.testng.TestNG.runSuitesSequentially(TestNG.java:1208)
	at org.testng.TestNG.runSuitesLocally(TestNG.java:1137)
	at org.testng.TestNG.runSuites(TestNG.java:1049)
	at org.testng.TestNG.run(TestNG.java:1017)
	at org.apache.maven.surefire.testng.TestNGExecutor.run(TestNGExecutor.java:283)
	at org.apache.maven.surefire.testng.TestNGXmlTestSuite.execute(TestNGXmlTestSuite.java:75)
	at org.apache.maven.surefire.testng.TestNGProvider.invoke(TestNGProvider.java:120)
	at org.apache.maven.surefire.booter.ForkedBooter.runSuitesInProcess(ForkedBooter.java:377)
	at org.apache.maven.surefire.booter.ForkedBooter.execute(ForkedBooter.java:138)
	at org.apache.maven.surefire.booter.ForkedBooter.run(ForkedBooter.java:465)
	at org.apache.maven.surefire.booter.ForkedBooter.main(ForkedBooter.java:451)
</pre></div></td>
<td>0</td>
<td>regression.TestCase01@4cb2c100</td></tr>
</table><p>
</body>
</html>