<!DOCTYPE html PUBLIC "-//W3C//DTD XHTML 1.1//EN" "http://www.w3.org/TR/xhtml11/DTD/xhtml11.dtd">
<html xmlns="http://www.w3.org/1999/xhtml">
<head>
<meta http-equiv="content-type" content="text/html; charset=UTF-8"/>
<title>TestNG Report</title>
<style type="text/css">table {margin-bottom:10px;border-collapse:collapse;empty-cells:show}th,td {border:1px solid #009;padding:.25em .5em}th {vertical-align:bottom}td {vertical-align:top}table a {font-weight:bold}.stripe td {background-color: #E6EBF9}.num {text-align:right}.passedodd td {background-color: #3F3}.passedeven td {background-color: #0A0}.skippedodd td {background-color: #DDD}.skippedeven td {background-color: #CCC}.failedodd td,.attn {background-color: #F33}.failedeven td,.stripe .attn {background-color: #D00}.stacktrace {white-space:pre;font-family:monospace}.totop {font-size:85%;text-align:center;border-bottom:2px solid #000}.invisible {display:none}</style>
</head>
<body>
<table>
<tr><th>Test</th><th># Passed</th><th># Skipped</th><th># Failed</th><th>Time (ms)</th><th>Included Groups</th><th>Excluded Groups</th></tr>
<tr><th colspan="7">Suite</th></tr>
<tr><td><a href="#t0">Test</a></td><td class="num">0</td><td class="num attn">1</td><td class="num">0</td><td class="num">603,381</td><td></td><td></td></tr>
</table>
<table id='summary'><thead><tr><th>Class</th><th>Method</th><th>Start</th><th>Time (ms)</th></tr></thead><tbody><tr><th colspan="4">Suite</th></tr></tbody><tbody id="t0"><tr><th colspan="4">Test &#8212; failed (configuration methods)</th></tr><tr class="failedeven"><td rowspan="1">regression.TestCase01</td><td><a href="#m0">beforeMethod</a></td><td rowspan="1">1636214722035</td><td rowspan="1">603307</td></tr><tr><th colspan="4">Test &#8212; skipped (configuration methods)</th></tr><tr class="skippedeven"><td rowspan="1">regression.TestCase01</td><td><a href="#m1">afterMethod</a></td><td rowspan="1">1636215325358</td><td rowspan="1">0</td></tr><tr><th colspan="4">Test &#8212; skipped</th></tr><tr class="skippedeven"><td rowspan="1">regression.TestCase01</td><td><a href="#m2">verifyLogin</a></td><td rowspan="1">1636215325357</td><td rowspan="1">0</td></tr></tbody>
</table>
<h2>Test</h2><h3 id="m0">regression.TestCase01#beforeMethod</h3><table class="result"><tr><th>Exception</th></tr><tr><td><div class="stacktrace">org.openqa.selenium.SessionNotCreatedException: session not created
from timeout: Timed out receiving message from renderer: 600.000
  (Session info: chrome=94.0.4606.81)
Build info: version: &apos;3.141.59&apos;, revision: &apos;e82be7d358&apos;, time: &apos;2018-11-14T08:17:03&apos;
System info: host: &apos;DESKTOP-6MMSN4K&apos;, ip: &apos;192.168.0.134&apos;, os.name: &apos;Windows 10&apos;, os.arch: &apos;amd64&apos;, os.version: &apos;10.0&apos;, java.version: &apos;1.8.0_301&apos;
Driver info: driver.version: ChromeDriver
remote stacktrace: Backtrace:
	Ordinal0 [0x009ABDE3+2473443]
	Ordinal0 [0x00946661+2057825]
	Ordinal0 [0x00852438+1057848]
	Ordinal0 [0x00844C3D+1002557]
	Ordinal0 [0x00843C8D+998541]
	Ordinal0 [0x00843F46+999238]
	Ordinal0 [0x00843835+997429]
	Ordinal0 [0x0084E524+1041700]
	Ordinal0 [0x008437F1+997361]
	Ordinal0 [0x00844716+1001238]
	Ordinal0 [0x00843C8D+998541]
	Ordinal0 [0x00843F46+999238]
	Ordinal0 [0x00843835+997429]
	Ordinal0 [0x0084C4FA+1033466]
	Ordinal0 [0x008437F1+997361]
	Ordinal0 [0x00844716+1001238]
	Ordinal0 [0x00843C8D+998541]
	Ordinal0 [0x00843F46+999238]
	Ordinal0 [0x00843835+997429]
	Ordinal0 [0x0084A319+1024793]
	Ordinal0 [0x008437F1+997361]
	Ordinal0 [0x00844716+1001238]
	Ordinal0 [0x00843C8D+998541]
	Ordinal0 [0x00843F46+999238]
	Ordinal0 [0x00843835+997429]
	Ordinal0 [0x0084963C+1021500]
	Ordinal0 [0x008437F1+997361]
	Ordinal0 [0x00844716+1001238]
	Ordinal0 [0x00843C8D+998541]
	Ordinal0 [0x00843F46+999238]
	Ordinal0 [0x00843835+997429]
	Ordinal0 [0x0083F41D+979997]
	Ordinal0 [0x008437F1+997361]
	Ordinal0 [0x00843590+996752]
	Ordinal0 [0x00843329+996137]
	Ordinal0 [0x00853650+1062480]
	Ordinal0 [0x0089AAAA+1354410]
	Ordinal0 [0x0089974A+1349450]
	Ordinal0 [0x008955AB+1332651]
	Ordinal0 [0x00872104+1188100]
	Ordinal0 [0x00872F59+1191769]
	GetHandleVerifier [0x00B32266+1549718]
	GetHandleVerifier [0x00BDD4A7+2250711]
	GetHandleVerifier [0x00A3718B+521403]
	GetHandleVerifier [0x00A36229+517465]
	Ordinal0 [0x0094B79D+2078621]
	Ordinal0 [0x0094FB58+2095960]
	Ordinal0 [0x0094FC92+2096274]
	Ordinal0 [0x00959541+2135361]
	BaseThreadInitThunk [0x7630FA29+25]
	RtlGetAppContainerNamedObjectPath [0x77DC7A9E+286]
	RtlGetAppContainerNamedObjectPath [0x77DC7A6E+238]

	at org.openqa.selenium.remote.W3CHandshakeResponse.lambda$errorHandler$0(W3CHandshakeResponse.java:62)
	at org.openqa.selenium.remote.HandshakeResponse.lambda$getResponseFunction$0(HandshakeResponse.java:30)
	at org.openqa.selenium.remote.ProtocolHandshake.lambda$createSession$0(ProtocolHandshake.java:126)
	at java.util.stream.ReferencePipeline$3$1.accept(ReferencePipeline.java:193)
	at java.util.Spliterators$ArraySpliterator.tryAdvance(Spliterators.java:958)
	at java.util.stream.ReferencePipeline.forEachWithCancel(ReferencePipeline.java:126)
	at java.util.stream.AbstractPipeline.copyIntoWithCancel(AbstractPipeline.java:499)
	at java.util.stream.AbstractPipeline.copyInto(AbstractPipeline.java:486)
	at java.util.stream.AbstractPipeline.wrapAndCopyInto(AbstractPipeline.java:472)
	at java.util.stream.FindOps$FindOp.evaluateSequential(FindOps.java:152)
	at java.util.stream.AbstractPipeline.evaluate(AbstractPipeline.java:234)
	at java.util.stream.ReferencePipeline.findFirst(ReferencePipeline.java:464)
	at org.openqa.selenium.remote.ProtocolHandshake.createSession(ProtocolHandshake.java:128)
	at org.openqa.selenium.remote.ProtocolHandshake.createSession(ProtocolHandshake.java:74)
	at org.openqa.selenium.remote.HttpCommandExecutor.execute(HttpCommandExecutor.java:136)
	at org.openqa.selenium.remote.service.DriverCommandExecutor.execute(DriverCommandExecutor.java:83)
	at org.openqa.selenium.remote.RemoteWebDriver.execute(RemoteWebDriver.java:552)
	at org.openqa.selenium.remote.RemoteWebDriver.startSession(RemoteWebDriver.java:213)
	at org.openqa.selenium.remote.RemoteWebDriver.&lt;init&gt;(RemoteWebDriver.java:131)
	at org.openqa.selenium.chrome.ChromeDriver.&lt;init&gt;(ChromeDriver.java:181)
	at org.openqa.selenium.chrome.ChromeDriver.&lt;init&gt;(ChromeDriver.java:168)
	at org.openqa.selenium.chrome.ChromeDriver.&lt;init&gt;(ChromeDriver.java:123)
	at regression.TestCase01.beforeMethod(TestCase01.java:51)
... Removed 36 stack frames</div></td></tr></table><p class="totop"><a href="#summary">back to summary</a></p>
<h3 id="m1">regression.TestCase01#afterMethod</h3><table class="result"><tr><th class="invisible"/></tr></table><p class="totop"><a href="#summary">back to summary</a></p>
<h3 id="m2">regression.TestCase01#verifyLogin</h3><table class="result"><tr><th>Exception</th></tr><tr><td><div class="stacktrace">org.openqa.selenium.SessionNotCreatedException: session not created
from timeout: Timed out receiving message from renderer: 600.000
  (Session info: chrome=94.0.4606.81)
Build info: version: &apos;3.141.59&apos;, revision: &apos;e82be7d358&apos;, time: &apos;2018-11-14T08:17:03&apos;
System info: host: &apos;DESKTOP-6MMSN4K&apos;, ip: &apos;192.168.0.134&apos;, os.name: &apos;Windows 10&apos;, os.arch: &apos;amd64&apos;, os.version: &apos;10.0&apos;, java.version: &apos;1.8.0_301&apos;
Driver info: driver.version: ChromeDriver
remote stacktrace: Backtrace:
	Ordinal0 [0x009ABDE3+2473443]
	Ordinal0 [0x00946661+2057825]
	Ordinal0 [0x00852438+1057848]
	Ordinal0 [0x00844C3D+1002557]
	Ordinal0 [0x00843C8D+998541]
	Ordinal0 [0x00843F46+999238]
	Ordinal0 [0x00843835+997429]
	Ordinal0 [0x0084E524+1041700]
	Ordinal0 [0x008437F1+997361]
	Ordinal0 [0x00844716+1001238]
	Ordinal0 [0x00843C8D+998541]
	Ordinal0 [0x00843F46+999238]
	Ordinal0 [0x00843835+997429]
	Ordinal0 [0x0084C4FA+1033466]
	Ordinal0 [0x008437F1+997361]
	Ordinal0 [0x00844716+1001238]
	Ordinal0 [0x00843C8D+998541]
	Ordinal0 [0x00843F46+999238]
	Ordinal0 [0x00843835+997429]
	Ordinal0 [0x0084A319+1024793]
	Ordinal0 [0x008437F1+997361]
	Ordinal0 [0x00844716+1001238]
	Ordinal0 [0x00843C8D+998541]
	Ordinal0 [0x00843F46+999238]
	Ordinal0 [0x00843835+997429]
	Ordinal0 [0x0084963C+1021500]
	Ordinal0 [0x008437F1+997361]
	Ordinal0 [0x00844716+1001238]
	Ordinal0 [0x00843C8D+998541]
	Ordinal0 [0x00843F46+999238]
	Ordinal0 [0x00843835+997429]
	Ordinal0 [0x0083F41D+979997]
	Ordinal0 [0x008437F1+997361]
	Ordinal0 [0x00843590+996752]
	Ordinal0 [0x00843329+996137]
	Ordinal0 [0x00853650+1062480]
	Ordinal0 [0x0089AAAA+1354410]
	Ordinal0 [0x0089974A+1349450]
	Ordinal0 [0x008955AB+1332651]
	Ordinal0 [0x00872104+1188100]
	Ordinal0 [0x00872F59+1191769]
	GetHandleVerifier [0x00B32266+1549718]
	GetHandleVerifier [0x00BDD4A7+2250711]
	GetHandleVerifier [0x00A3718B+521403]
	GetHandleVerifier [0x00A36229+517465]
	Ordinal0 [0x0094B79D+2078621]
	Ordinal0 [0x0094FB58+2095960]
	Ordinal0 [0x0094FC92+2096274]
	Ordinal0 [0x00959541+2135361]
	BaseThreadInitThunk [0x7630FA29+25]
	RtlGetAppContainerNamedObjectPath [0x77DC7A9E+286]
	RtlGetAppContainerNamedObjectPath [0x77DC7A6E+238]

	at org.openqa.selenium.remote.W3CHandshakeResponse.lambda$errorHandler$0(W3CHandshakeResponse.java:62)
	at org.openqa.selenium.remote.HandshakeResponse.lambda$getResponseFunction$0(HandshakeResponse.java:30)
	at org.openqa.selenium.remote.ProtocolHandshake.lambda$createSession$0(ProtocolHandshake.java:126)
	at java.util.stream.ReferencePipeline$3$1.accept(ReferencePipeline.java:193)
	at java.util.Spliterators$ArraySpliterator.tryAdvance(Spliterators.java:958)
	at java.util.stream.ReferencePipeline.forEachWithCancel(ReferencePipeline.java:126)
	at java.util.stream.AbstractPipeline.copyIntoWithCancel(AbstractPipeline.java:499)
	at java.util.stream.AbstractPipeline.copyInto(AbstractPipeline.java:486)
	at java.util.stream.AbstractPipeline.wrapAndCopyInto(AbstractPipeline.java:472)
	at java.util.stream.FindOps$FindOp.evaluateSequential(FindOps.java:152)
	at java.util.stream.AbstractPipeline.evaluate(AbstractPipeline.java:234)
	at java.util.stream.ReferencePipeline.findFirst(ReferencePipeline.java:464)
	at org.openqa.selenium.remote.ProtocolHandshake.createSession(ProtocolHandshake.java:128)
	at org.openqa.selenium.remote.ProtocolHandshake.createSession(ProtocolHandshake.java:74)
	at org.openqa.selenium.remote.HttpCommandExecutor.execute(HttpCommandExecutor.java:136)
	at org.openqa.selenium.remote.service.DriverCommandExecutor.execute(DriverCommandExecutor.java:83)
	at org.openqa.selenium.remote.RemoteWebDriver.execute(RemoteWebDriver.java:552)
	at org.openqa.selenium.remote.RemoteWebDriver.startSession(RemoteWebDriver.java:213)
	at org.openqa.selenium.remote.RemoteWebDriver.&lt;init&gt;(RemoteWebDriver.java:131)
	at org.openqa.selenium.chrome.ChromeDriver.&lt;init&gt;(ChromeDriver.java:181)
	at org.openqa.selenium.chrome.ChromeDriver.&lt;init&gt;(ChromeDriver.java:168)
	at org.openqa.selenium.chrome.ChromeDriver.&lt;init&gt;(ChromeDriver.java:123)
	at regression.TestCase01.beforeMethod(TestCase01.java:51)
... Removed 36 stack frames</div></td></tr></table><p class="totop"><a href="#summary">back to summary</a></p>
</body>
</html>
